<?xml version="1.0" encoding="UTF-8"?>
<!-- Generated by org.testng.reporters.JUnitReportReporter -->
<testsuite hostname="DESKTOP-OSNQHCI" failures="0" tests="1" name="testCase.TC_002_LoginTest" time="1.804" errors="0" timestamp="2024-08-12T17:59:37 PDT" skipped="0">
  <testcase classname="testCase.TC_002_LoginTest" name="verify_Login" time="1.804"/>
</testsuite> <!-- testCase.TC_002_LoginTest -->
