<?xml version="1.0" encoding="UTF-8"?>
<!-- Generated by org.testng.reporters.JUnitReportReporter -->
<testsuite hostname="DESKTOP-OSNQHCI" failures="0" tests="1" name="testCases.TC_001_AccountRegistrationTest" time="13.113" errors="0" timestamp="2024-08-15T17:23:11 PDT" skipped="0">
  <testcase classname="testCases.TC_001_AccountRegistrationTest" name="Verify_account_registation" time="13.113"/>
</testsuite> <!-- testCases.TC_001_AccountRegistrationTest -->
