<?xml version="1.0" encoding="UTF-8"?>
<!-- Generated by org.testng.reporters.JUnitReportReporter -->
<testsuite hostname="DESKTOP-OSNQHCI" failures="0" tests="1" name="testCases.TC_002_LoginTest" time="1.928" errors="0" timestamp="2024-08-15T17:23:11 PDT" skipped="0">
  <testcase classname="testCases.TC_002_LoginTest" name="verify_Login" time="1.928"/>
</testsuite> <!-- testCases.TC_002_LoginTest -->
