<?xml version="1.0" encoding="UTF-8"?>
<!-- Generated by org.testng.reporters.JUnitReportReporter -->
<testsuite hostname="DESKTOP-OSNQHCI" failures="0" tests="1" name="testCase.TC_001_AccountRegistrationTest" time="13.179" errors="0" timestamp="2024-08-12T17:02:43 PDT" skipped="0">
  <testcase classname="testCase.TC_001_AccountRegistrationTest" name="Verify_account_registation" time="13.179"/>
</testsuite> <!-- testCase.TC_001_AccountRegistrationTest -->
